<?xml version="1.0" encoding="UTF-8"?>
<!-- Generated by org.testng.reporters.JUnitXMLReporter -->
<testsuite ignored="0" hostname="DESKTOP-GLBA18E" failures="0" tests="6" name="Test" time="0.104" errors="0" timestamp="2022-12-11T22:06:10 CLST">
  <testcase classname="Scripts.Test6" name="tc1" time="0.013"/>
  <testcase classname="Scripts.Test4" name="tc1" time="0.002"/>
  <testcase classname="Scripts.Test5" name="tc1" time="0.001"/>
  <testcase classname="Scripts.Test2" name="tc1" time="0.003"/>
  <testcase classname="Scripts.Test3" name="tc1" time="0.002"/>
  <testcase classname="Scripts.Test1" name="tc1" time="0.001"/>
</testsuite> <!-- Test -->
