<?xml version="1.0" encoding="UTF-8"?>
<testng-results ignored="0" total="6" passed="6" failed="0" skipped="0">
  <reporter-output>
    <line>
      <![CDATA[Hello postman]]>
    </line>
    <line>
      <![CDATA[Hello phython selenium]]>
    </line>
    <line>
      <![CDATA[Hello API]]>
    </line>
    <line>
      <![CDATA[Hello Selenium]]>
    </line>
    <line>
      <![CDATA[Hello phython]]>
    </line>
    <line>
      <![CDATA[Hello java]]>
    </line>
  </reporter-output>
  <suite started-at="2022-12-11T22:06:10 CLST" name="Suite" finished-at="2022-12-11T22:06:10 CLST" duration-ms="104">
    <groups>
    </groups>
    <test started-at="2022-12-11T22:06:10 CLST" name="Test" finished-at="2022-12-11T22:06:10 CLST" duration-ms="104">
      <class name="Scripts.Test1">
        <test-method signature="tc1()[pri:0, instance:Scripts.Test1@662b4c69]" started-at="2022-12-11T22:06:10 CLST" name="tc1" finished-at="2022-12-11T22:06:10 CLST" duration-ms="1" status="PASS">
          <reporter-output>
            <line>
              <![CDATA[Hello java]]>
            </line>
          </reporter-output>
        </test-method> <!-- tc1 -->
      </class> <!-- Scripts.Test1 -->
      <class name="Scripts.Test2">
        <test-method signature="tc1()[pri:0, instance:Scripts.Test2@67c33749]" started-at="2022-12-11T22:06:10 CLST" name="tc1" finished-at="2022-12-11T22:06:10 CLST" duration-ms="3" status="PASS">
          <reporter-output>
            <line>
              <![CDATA[Hello Selenium]]>
            </line>
          </reporter-output>
        </test-method> <!-- tc1 -->
      </class> <!-- Scripts.Test2 -->
      <class name="Scripts.Test3">
        <test-method signature="tc1()[pri:0, instance:Scripts.Test3@fba92d3]" started-at="2022-12-11T22:06:10 CLST" name="tc1" finished-at="2022-12-11T22:06:10 CLST" duration-ms="2" status="PASS">
          <reporter-output>
            <line>
              <![CDATA[Hello phython]]>
            </line>
          </reporter-output>
        </test-method> <!-- tc1 -->
      </class> <!-- Scripts.Test3 -->
      <class name="Scripts.Test4">
        <test-method signature="tc1()[pri:0, instance:Scripts.Test4@76c3e77a]" started-at="2022-12-11T22:06:10 CLST" name="tc1" finished-at="2022-12-11T22:06:10 CLST" duration-ms="2" status="PASS">
          <reporter-output>
            <line>
              <![CDATA[Hello phython selenium]]>
            </line>
          </reporter-output>
        </test-method> <!-- tc1 -->
      </class> <!-- Scripts.Test4 -->
      <class name="Scripts.Test5">
        <test-method signature="tc1()[pri:0, instance:Scripts.Test5@78123e82]" started-at="2022-12-11T22:06:10 CLST" name="tc1" finished-at="2022-12-11T22:06:10 CLST" duration-ms="1" status="PASS">
          <reporter-output>
            <line>
              <![CDATA[Hello API]]>
            </line>
          </reporter-output>
        </test-method> <!-- tc1 -->
      </class> <!-- Scripts.Test5 -->
      <class name="Scripts.Test6">
        <test-method signature="tc1()[pri:0, instance:Scripts.Test6@101952da]" started-at="2022-12-11T22:06:10 CLST" name="tc1" finished-at="2022-12-11T22:06:10 CLST" duration-ms="13" status="PASS">
          <reporter-output>
            <line>
              <![CDATA[Hello postman]]>
            </line>
          </reporter-output>
        </test-method> <!-- tc1 -->
      </class> <!-- Scripts.Test6 -->
    </test> <!-- Test -->
  </suite> <!-- Suite -->
</testng-results>
